Arguments: 
  /usr/bin/node /mnt/c/Program Files (x86)/Yarn/bin/yarn.js start

PATH: 
  /home/Seamus/bin:/home/Seamus/.local/bin:/usr/local/sbin:/usr/local/bin:/usr/sbin:/usr/bin:/sbin:/bin:/usr/games:/usr/local/games:/mnt/c/gradle-4.6/bin:/mnt/c/Python27/Scripts:/mnt/c/Program Files (x86)/Intel/iCLS Client:/mnt/c/Program Files/Intel/iCLS Client:/mnt/c/Windows/System32:/mnt/c/Windows:/mnt/c/Windows/System32/wbem:/mnt/c/Windows/System32/WindowsPowerShell/v1.0:/mnt/c/Program Files (x86)/NVIDIA Corporation/PhysX/Common:/mnt/c/Program Files (x86)/Intel/Intel(R) Management Engine Components/DAL:/mnt/c/Program Files/Intel/Intel(R) Management Engine Components/DAL:/mnt/c/Program Files (x86)/Intel/Intel(R) Management Engine Components/IPT:/mnt/c/Program Files/Intel/Intel(R) Management Engine Components/IPT:/mnt/c/Program Files/Intel/WiFi/bin:/mnt/c/Program Files/Common Files/Intel/WirelessCommon:/mnt/c/Windows/System32:/mnt/c/Windows:/mnt/c/Windows/System32/wbem:/mnt/c/Windows/System32/WindowsPowerShell/v1.0:/mnt/c/Program Files/Git/cmd:/mnt/c/ProgramData/chocolatey/bin:/mnt/c/Program Files/Java/jdk1.8.0_162/bin:/mnt/c/Program Files (x86)/Yarn/bin:/mnt/c/Program Files/nodejs:/mnt/d/Android_SDK/tools:/mnt/d/Android_SDK/platform-tools:/mnt/c/Python36/Scripts:/mnt/c/Python36:/mnt/c/Users/Seamus/AppData/Local/Microsoft/WindowsApps:/mnt/c/Users/Seamus/AppData/Local/GitHubDesktop/bin:/mnt/d/Microsoft VS Code/bin:/mnt/c/Users/Seamus/AppData/Local/Microsoft/WindowsApps:/mnt/c/Users/Seamus/AppData/Local/atom/bin:/mnt/c/Users/Seamus/AppData/Local/Yarn/bin:/mnt/c/Users/Seamus/AppData/Roaming/npm:/snap/bin

Yarn version: 
  1.5.1

Node version: 
  8.9.4

Platform: 
  linux x64

npm manifest: 
  {
    "name": "Frontend",
    "version": "1.0.0",
    "main": "index.js",
    "license": "MIT",
    "dependencies": {
      "antd": "^3.5.1",
      "create-react-app": "^1.5.2",
      "react-google-login": "^3.2.1"
    }
  }

yarn manifest: 
  No manifest

Lockfile: 
  # THIS IS AN AUTOGENERATED FILE. DO NOT EDIT THIS FILE DIRECTLY.
  # yarn lockfile v1
  
  
  "@types/react@*":
    version "16.3.14"
    resolved "https://registry.yarnpkg.com/@types/react/-/react-16.3.14.tgz#f90ac6834de172e13ecca430dcb6814744225d36"
    dependencies:
      csstype "^2.2.0"
  
  add-dom-event-listener@1.x:
    version "1.0.2"
    resolved "https://registry.yarnpkg.com/add-dom-event-listener/-/add-dom-event-listener-1.0.2.tgz#8faed2c41008721cf111da1d30d995b85be42bed"
    dependencies:
      object-assign "4.x"
  
  ansi-regex@^2.0.0:
    version "2.1.1"
    resolved "https://registry.yarnpkg.com/ansi-regex/-/ansi-regex-2.1.1.tgz#c3b33ab5ee360d86e0e628f0468ae7ef27d654df"
  
  ansi-styles@^2.2.1:
    version "2.2.1"
    resolved "https://registry.yarnpkg.com/ansi-styles/-/ansi-styles-2.2.1.tgz#b432dd3358b634cf75e1e4664368240533c1ddbe"
  
  antd@^3.5.1:
    version "3.5.1"
    resolved "https://registry.yarnpkg.com/antd/-/antd-3.5.1.tgz#6efe9f05dd7a06d650808832ebb1783806da2e12"
    dependencies:
      array-tree-filter "^2.0.0"
      babel-runtime "6.x"
      classnames "~2.2.0"
      create-react-class "^15.6.0"
      css-animation "^1.2.5"
      dom-closest "^0.2.0"
      enquire.js "^2.1.1"
      lodash "^4.17.5"
      moment "^2.19.3"
      omit.js "^1.0.0"
      prop-types "^15.5.7"
      rc-animate "^2.4.1"
      rc-calendar "~9.6.0"
      rc-cascader "~0.13.0"
      rc-checkbox "~2.1.5"
      rc-collapse "~1.9.0"
      rc-dialog "~7.1.0"
      rc-dropdown "~2.1.0"
      rc-editor-mention "^1.0.2"
      rc-form "^2.1.0"
      rc-input-number "~4.0.0"
      rc-menu "~7.0.2"
      rc-notification "~3.1.1"
      rc-pagination "~1.16.1"
      rc-progress "~2.2.2"
      rc-rate "~2.4.0"
      rc-select "~8.0.7"
      rc-slider "~8.6.0"
      rc-steps "~3.1.0"
      rc-switch "~1.6.0"
      rc-table "~6.1.0"
      rc-tabs "~9.2.0"
      rc-time-picker "~3.3.0"
      rc-tooltip "~3.7.0"
      rc-tree "~1.8.0"
      rc-tree-select "~1.12.0"
      rc-upload "~2.4.0"
      rc-util "^4.0.4"
      react-lazy-load "^3.0.12"
      react-slick "~0.23.1"
      shallowequal "^1.0.1"
      warning "~3.0.0"
  
  array-tree-filter@^1.0.0:
    version "1.0.1"
    resolved "https://registry.yarnpkg.com/array-tree-filter/-/array-tree-filter-1.0.1.tgz#0a8ad1eefd38ce88858632f9cc0423d7634e4d5d"
  
  array-tree-filter@^2.0.0:
    version "2.1.0"
    resolved "https://registry.yarnpkg.com/array-tree-filter/-/array-tree-filter-2.1.0.tgz#873ac00fec83749f255ac8dd083814b4f6329190"
  
  asap@~2.0.3:
    version "2.0.6"
    resolved "https://registry.yarnpkg.com/asap/-/asap-2.0.6.tgz#e50347611d7e690943208bbdafebcbc2fb866d46"
  
  async-validator@1.x:
    version "1.8.2"
    resolved "https://registry.yarnpkg.com/async-validator/-/async-validator-1.8.2.tgz#b77597226e96242f8d531c0d46ae295f62422ba4"
    dependencies:
      babel-runtime "6.x"
  
  babel-runtime@6.x, babel-runtime@^6.23.0, babel-runtime@^6.26.0:
    version "6.26.0"
    resolved "https://registry.yarnpkg.com/babel-runtime/-/babel-runtime-6.26.0.tgz#965c7058668e82b55d7bfe04ff2337bc8b5647fe"
    dependencies:
      core-js "^2.4.0"
      regenerator-runtime "^0.11.0"
  
  balanced-match@^1.0.0:
    version "1.0.0"
    resolved "https://registry.yarnpkg.com/balanced-match/-/balanced-match-1.0.0.tgz#89b4d199ab2bee49de164ea02b89ce462d71b767"
  
  block-stream@*:
    version "0.0.9"
    resolved "https://registry.yarnpkg.com/block-stream/-/block-stream-0.0.9.tgz#13ebfe778a03205cfe03751481ebb4b3300c126a"
    dependencies:
      inherits "~2.0.0"
  
  brace-expansion@^1.1.7:
    version "1.1.11"
    resolved "https://registry.yarnpkg.com/brace-expansion/-/brace-expansion-1.1.11.tgz#3c7fcbf529d87226f3d2f52b966ff5271eb441dd"
    dependencies:
      balanced-match "^1.0.0"
      concat-map "0.0.1"
  
  buffer-from@^0.1.1:
    version "0.1.2"
    resolved "https://registry.yarnpkg.com/buffer-from/-/buffer-from-0.1.2.tgz#15f4b9bcef012044df31142c14333caf6e0260d0"
  
  builtins@^1.0.3:
    version "1.0.3"
    resolved "https://registry.yarnpkg.com/builtins/-/builtins-1.0.3.tgz#cb94faeb61c8696451db36534e1422f94f0aee88"
  
  chalk@^1.1.1:
    version "1.1.3"
    resolved "https://registry.yarnpkg.com/chalk/-/chalk-1.1.3.tgz#a8115c55e4a702fe4d150abd3872822a7e09fc98"
    dependencies:
      ansi-styles "^2.2.1"
      escape-string-regexp "^1.0.2"
      has-ansi "^2.0.0"
      strip-ansi "^3.0.0"
      supports-color "^2.0.0"
  
  classnames@2.x, classnames@^2.2.0, classnames@^2.2.1, classnames@^2.2.3, classnames@^2.2.5, classnames@~2.2.0:
    version "2.2.5"
    resolved "https://registry.yarnpkg.com/classnames/-/classnames-2.2.5.tgz#fb3801d453467649ef3603c7d61a02bd129bde6d"
  
  commander@^2.9.0:
    version "2.15.1"
    resolved "https://registry.yarnpkg.com/commander/-/commander-2.15.1.tgz#df46e867d0fc2aec66a34662b406a9ccafff5b0f"
  
  component-classes@1.x, component-classes@^1.2.5, component-classes@^1.2.6:
    version "1.2.6"
    resolved "https://registry.yarnpkg.com/component-classes/-/component-classes-1.2.6.tgz#c642394c3618a4d8b0b8919efccbbd930e5cd691"
    dependencies:
      component-indexof "0.0.3"
  
  component-indexof@0.0.3:
    version "0.0.3"
    resolved "https://registry.yarnpkg.com/component-indexof/-/component-indexof-0.0.3.tgz#11d091312239eb8f32c8f25ae9cb002ffe8d3c24"
  
  concat-map@0.0.1:
    version "0.0.1"
    resolved "https://registry.yarnpkg.com/concat-map/-/concat-map-0.0.1.tgz#d8a96bd77fd68df7793a73036a3ba0d5405d477b"
  
  core-js@^1.0.0:
    version "1.2.7"
    resolved "https://registry.yarnpkg.com/core-js/-/core-js-1.2.7.tgz#652294c14651db28fa93bd2d5ff2983a4f08c636"
  
  core-js@^2.4.0:
    version "2.5.6"
    resolved "https://registry.yarnpkg.com/core-js/-/core-js-2.5.6.tgz#0fe6d45bf3cac3ac364a9d72de7576f4eb221b9d"
  
  core-util-is@~1.0.0:
    version "1.0.2"
    resolved "https://registry.yarnpkg.com/core-util-is/-/core-util-is-1.0.2.tgz#b5fd54220aa2bc5ab57aab7140c940754503c1a7"
  
  create-react-app@^1.5.2:
    version "1.5.2"
    resolved "https://registry.yarnpkg.com/create-react-app/-/create-react-app-1.5.2.tgz#2639e5d2f88e8777977beb6a8d9cbc04cf70091e"
    dependencies:
      chalk "^1.1.1"
      commander "^2.9.0"
      cross-spawn "^4.0.0"
      envinfo "3.4.2"
      fs-extra "^1.0.0"
      hyperquest "^2.1.2"
      semver "^5.0.3"
      tar-pack "^3.4.0"
      tmp "0.0.31"
      validate-npm-package-name "^3.0.0"
  
  create-react-class@15.x, create-react-class@^15.5.2, create-react-class@^15.5.3, create-react-class@^15.6.0:
    version "15.6.3"
    resolved "https://registry.yarnpkg.com/create-react-class/-/create-react-class-15.6.3.tgz#2d73237fb3f970ae6ebe011a9e66f46dbca80036"
    dependencies:
      fbjs "^0.8.9"
      loose-envify "^1.3.1"
      object-assign "^4.1.1"
  
  cross-spawn@^4.0.0:
    version "4.0.2"
    resolved "https://registry.yarnpkg.com/cross-spawn/-/cross-spawn-4.0.2.tgz#7b9247621c23adfdd3856004a823cbe397424d41"
    dependencies:
      lru-cache "^4.0.1"
      which "^1.2.9"
  
  css-animation@1.x, css-animation@^1.2.5, css-animation@^1.3.2:
    version "1.4.1"
    resolved "https://registry.yarnpkg.com/css-animation/-/css-animation-1.4.1.tgz#5b8813125de0fbbbb0bbe1b472ae84221469b7a8"
    dependencies:
      babel-runtime "6.x"
      component-classes "^1.2.5"
  
  csstype@^2.2.0:
    version "2.5.2"
    resolved "https://registry.yarnpkg.com/csstype/-/csstype-2.5.2.tgz#4534308476ceede8fbe148b9b99f9baf1c80fa06"
  
  debug@^2.2.0:
    version "2.6.9"
    resolved "https://registry.yarnpkg.com/debug/-/debug-2.6.9.tgz#5d128515df134ff327e90a4c93f4e077a536341f"
    dependencies:
      ms "2.0.0"
  
  dom-align@1.x:
    version "1.6.7"
    resolved "https://registry.yarnpkg.com/dom-align/-/dom-align-1.6.7.tgz#6858138efb6b77405ce99146d0be5e4f7282813f"
  
  dom-closest@^0.2.0:
    version "0.2.0"
    resolved "https://registry.yarnpkg.com/dom-closest/-/dom-closest-0.2.0.tgz#ebd9f91d1bf22e8d6f477876bbcd3ec90216c0cf"
    dependencies:
      dom-matches ">=1.0.1"
  
  dom-matches@>=1.0.1:
    version "2.0.0"
    resolved "https://registry.yarnpkg.com/dom-matches/-/dom-matches-2.0.0.tgz#d2728b416a87533980eb089b848d253cf23a758c"
  
  dom-scroll-into-view@1.x, dom-scroll-into-view@^1.2.0:
    version "1.2.1"
    resolved "https://registry.yarnpkg.com/dom-scroll-into-view/-/dom-scroll-into-view-1.2.1.tgz#e8f36732dd089b0201a88d7815dc3f88e6d66c7e"
  
  draft-js@^0.10.0, draft-js@~0.10.0:
    version "0.10.5"
    resolved "https://registry.yarnpkg.com/draft-js/-/draft-js-0.10.5.tgz#bfa9beb018fe0533dbb08d6675c371a6b08fa742"
    dependencies:
      fbjs "^0.8.15"
      immutable "~3.7.4"
      object-assign "^4.1.0"
  
  duplexer2@~0.0.2:
    version "0.0.2"
    resolved "https://registry.yarnpkg.com/duplexer2/-/duplexer2-0.0.2.tgz#c614dcf67e2fb14995a91711e5a617e8a60a31db"
    dependencies:
      readable-stream "~1.1.9"
  
  encoding@^0.1.11:
    version "0.1.12"
    resolved "https://registry.yarnpkg.com/encoding/-/encoding-0.1.12.tgz#538b66f3ee62cd1ab51ec323829d1f9480c74beb"
    dependencies:
      iconv-lite "~0.4.13"
  
  enquire.js@^2.1.1, enquire.js@^2.1.6:
    version "2.1.6"
    resolved "https://registry.yarnpkg.com/enquire.js/-/enquire.js-2.1.6.tgz#3e8780c9b8b835084c3f60e166dbc3c2a3c89814"
  
  envinfo@3.4.2:
    version "3.4.2"
    resolved "https://registry.yarnpkg.com/envinfo/-/envinfo-3.4.2.tgz#f06648836155b81e1d7b4a1c3fca3f6b5f38789b"
    dependencies:
      minimist "^1.2.0"
      os-name "^2.0.1"
      which "^1.2.14"
  
  escape-string-regexp@^1.0.2:
    version "1.0.5"
    resolved "https://registry.yarnpkg.com/escape-string-regexp/-/escape-string-regexp-1.0.5.tgz#1b61c0562190a8dff6ae3bb2cf0200ca130b86d4"
  
  eventlistener@0.0.1:
    version "0.0.1"
    resolved "https://registry.yarnpkg.com/eventlistener/-/eventlistener-0.0.1.tgz#ed2baabb852227af2bcf889152c72c63ca532eb8"
  
  fbjs@^0.8.15, fbjs@^0.8.16, fbjs@^0.8.9:
    version "0.8.16"
    resolved "https://registry.yarnpkg.com/fbjs/-/fbjs-0.8.16.tgz#5e67432f550dc41b572bf55847b8aca64e5337db"
    dependencies:
      core-js "^1.0.0"
      isomorphic-fetch "^2.1.1"
      loose-envify "^1.0.0"
      object-assign "^4.1.0"
      promise "^7.1.1"
      setimmediate "^1.0.5"
      ua-parser-js "^0.7.9"
  
  fs-extra@^1.0.0:
    version "1.0.0"
    resolved "https://registry.yarnpkg.com/fs-extra/-/fs-extra-1.0.0.tgz#cd3ce5f7e7cb6145883fcae3191e9877f8587950"
    dependencies:
      graceful-fs "^4.1.2"
      jsonfile "^2.1.0"
      klaw "^1.0.0"
  
  fs.realpath@^1.0.0:
    version "1.0.0"
    resolved "https://registry.yarnpkg.com/fs.realpath/-/fs.realpath-1.0.0.tgz#1504ad2523158caa40db4a2787cb01411994ea4f"
  
  fstream-ignore@^1.0.5:
    version "1.0.5"
    resolved "https://registry.yarnpkg.com/fstream-ignore/-/fstream-ignore-1.0.5.tgz#9c31dae34767018fe1d249b24dada67d092da105"
    dependencies:
      fstream "^1.0.0"
      inherits "2"
      minimatch "^3.0.0"
  
  fstream@^1.0.0, fstream@^1.0.10, fstream@^1.0.2:
    version "1.0.11"
    resolved "https://registry.yarnpkg.com/fstream/-/fstream-1.0.11.tgz#5c1fb1f117477114f0632a0eb4b71b3cb0fd3171"
    dependencies:
      graceful-fs "^4.1.2"
      inherits "~2.0.0"
      mkdirp ">=0.5 0"
      rimraf "2"
  
  glob@^7.0.5:
    version "7.1.2"
    resolved "https://registry.yarnpkg.com/glob/-/glob-7.1.2.tgz#c19c9df9a028702d678612384a6552404c636d15"
    dependencies:
      fs.realpath "^1.0.0"
      inflight "^1.0.4"
      inherits "2"
      minimatch "^3.0.4"
      once "^1.3.0"
      path-is-absolute "^1.0.0"
  
  graceful-fs@^4.1.2, graceful-fs@^4.1.6, graceful-fs@^4.1.9:
    version "4.1.11"
    resolved "https://registry.yarnpkg.com/graceful-fs/-/graceful-fs-4.1.11.tgz#0e8bdfe4d1ddb8854d64e04ea7c00e2a026e5658"
  
  hammerjs@^2.0.8:
    version "2.0.8"
    resolved "https://registry.yarnpkg.com/hammerjs/-/hammerjs-2.0.8.tgz#04ef77862cff2bb79d30f7692095930222bf60f1"
  
  has-ansi@^2.0.0:
    version "2.0.0"
    resolved "https://registry.yarnpkg.com/has-ansi/-/has-ansi-2.0.0.tgz#34f5049ce1ecdf2b0649af3ef24e45ed35416d91"
    dependencies:
      ansi-regex "^2.0.0"
  
  hoist-non-react-statics@^2.3.1:
    version "2.5.0"
    resolved "https://registry.yarnpkg.com/hoist-non-react-statics/-/hoist-non-react-statics-2.5.0.tgz#d2ca2dfc19c5a91c5a6615ce8e564ef0347e2a40"
  
  hyperquest@^2.1.2:
    version "2.1.3"
    resolved "https://registry.yarnpkg.com/hyperquest/-/hyperquest-2.1.3.tgz#523127d7a343181b40bf324e231d2576edf52633"
    dependencies:
      buffer-from "^0.1.1"
      duplexer2 "~0.0.2"
      through2 "~0.6.3"
  
  iconv-lite@~0.4.13:
    version "0.4.23"
    resolved "https://registry.yarnpkg.com/iconv-lite/-/iconv-lite-0.4.23.tgz#297871f63be507adcfbfca715d0cd0eed84e9a63"
    dependencies:
      safer-buffer ">= 2.1.2 < 3"
  
  immutable@^3.7.4:
    version "3.8.2"
    resolved "https://registry.yarnpkg.com/immutable/-/immutable-3.8.2.tgz#c2439951455bb39913daf281376f1530e104adf3"
  
  immutable@~3.7.4:
    version "3.7.6"
    resolved "https://registry.yarnpkg.com/immutable/-/immutable-3.7.6.tgz#13b4d3cb12befa15482a26fe1b2ebae640071e4b"
  
  inflight@^1.0.4:
    version "1.0.6"
    resolved "https://registry.yarnpkg.com/inflight/-/inflight-1.0.6.tgz#49bd6331d7d02d0c09bc910a1075ba8165b56df9"
    dependencies:
      once "^1.3.0"
      wrappy "1"
  
  inherits@2, inherits@~2.0.0, inherits@~2.0.1, inherits@~2.0.3:
    version "2.0.3"
    resolved "https://registry.yarnpkg.com/inherits/-/inherits-2.0.3.tgz#633c2c83e3da42a502f52466022480f4208261de"
  
  is-negative-zero@^2.0.0:
    version "2.0.0"
    resolved "https://registry.yarnpkg.com/is-negative-zero/-/is-negative-zero-2.0.0.tgz#9553b121b0fac28869da9ed459e20c7543788461"
  
  is-stream@^1.0.1:
    version "1.1.0"
    resolved "https://registry.yarnpkg.com/is-stream/-/is-stream-1.1.0.tgz#12d4a3dd4e68e0b79ceb8dbc84173ae80d91ca44"
  
  isarray@0.0.1:
    version "0.0.1"
    resolved "https://registry.yarnpkg.com/isarray/-/isarray-0.0.1.tgz#8a18acfca9a8f4177e09abfc6038939b05d1eedf"
  
  isarray@~1.0.0:
    version "1.0.0"
    resolved "https://registry.yarnpkg.com/isarray/-/isarray-1.0.0.tgz#bb935d48582cba168c06834957a54a3e07124f11"
  
  isexe@^2.0.0:
    version "2.0.0"
    resolved "https://registry.yarnpkg.com/isexe/-/isexe-2.0.0.tgz#e8fbf374dc556ff8947a10dcb0572d633f2cfa10"
  
  isomorphic-fetch@^2.1.1:
    version "2.2.1"
    resolved "https://registry.yarnpkg.com/isomorphic-fetch/-/isomorphic-fetch-2.2.1.tgz#611ae1acf14f5e81f729507472819fe9733558a9"
    dependencies:
      node-fetch "^1.0.1"
      whatwg-fetch ">=0.10.0"
  
  js-tokens@^3.0.0:
    version "3.0.2"
    resolved "https://registry.yarnpkg.com/js-tokens/-/js-tokens-3.0.2.tgz#9866df395102130e38f7f996bceb65443209c25b"
  
  json2mq@^0.2.0:
    version "0.2.0"
    resolved "https://registry.yarnpkg.com/json2mq/-/json2mq-0.2.0.tgz#b637bd3ba9eabe122c83e9720483aeb10d2c904a"
    dependencies:
      string-convert "^0.2.0"
  
  jsonfile@^2.1.0:
    version "2.4.0"
    resolved "https://registry.yarnpkg.com/jsonfile/-/jsonfile-2.4.0.tgz#3736a2b428b87bbda0cc83b53fa3d633a35c2ae8"
    optionalDependencies:
      graceful-fs "^4.1.6"
  
  klaw@^1.0.0:
    version "1.3.1"
    resolved "https://registry.yarnpkg.com/klaw/-/klaw-1.3.1.tgz#4088433b46b3b1ba259d78785d8e96f73ba02439"
    optionalDependencies:
      graceful-fs "^4.1.9"
  
  lodash._getnative@^3.0.0:
    version "3.9.1"
    resolved "https://registry.yarnpkg.com/lodash._getnative/-/lodash._getnative-3.9.1.tgz#570bc7dede46d61cdcde687d65d3eecbaa3aaff5"
  
  lodash.debounce@^4.0.0, lodash.debounce@^4.0.8:
    version "4.0.8"
    resolved "https://registry.yarnpkg.com/lodash.debounce/-/lodash.debounce-4.0.8.tgz#82d79bff30a67c4005ffd5e2515300ad9ca4d7af"
  
  lodash.isarguments@^3.0.0:
    version "3.1.0"
    resolved "https://registry.yarnpkg.com/lodash.isarguments/-/lodash.isarguments-3.1.0.tgz#2f573d85c6a24289ff00663b491c1d338ff3458a"
  
  lodash.isarray@^3.0.0:
    version "3.0.4"
    resolved "https://registry.yarnpkg.com/lodash.isarray/-/lodash.isarray-3.0.4.tgz#79e4eb88c36a8122af86f844aa9bcd851b5fbb55"
  
  lodash.keys@^3.1.2:
    version "3.1.2"
    resolved "https://registry.yarnpkg.com/lodash.keys/-/lodash.keys-3.1.2.tgz#4dbc0472b156be50a0b286855d1bd0b0c656098a"
    dependencies:
      lodash._getnative "^3.0.0"
      lodash.isarguments "^3.0.0"
      lodash.isarray "^3.0.0"
  
  lodash.throttle@^4.0.0:
    version "4.1.1"
    resolved "https://registry.yarnpkg.com/lodash.throttle/-/lodash.throttle-4.1.1.tgz#c23e91b710242ac70c37f1e1cda9274cc39bf2f4"
  
  lodash@^4.16.5, lodash@^4.17.4, lodash@^4.17.5:
    version "4.17.10"
    resolved "https://registry.yarnpkg.com/lodash/-/lodash-4.17.10.tgz#1b7793cf7259ea38fb3661d4d38b3260af8ae4e7"
  
  loose-envify@^1.0.0, loose-envify@^1.3.1:
    version "1.3.1"
    resolved "https://registry.yarnpkg.com/loose-envify/-/loose-envify-1.3.1.tgz#d1a8ad33fa9ce0e713d65fdd0ac8b748d478c848"
    dependencies:
      js-tokens "^3.0.0"
  
  lru-cache@^4.0.1:
    version "4.1.3"
    resolved "https://registry.yarnpkg.com/lru-cache/-/lru-cache-4.1.3.tgz#a1175cf3496dfc8436c156c334b4955992bce69c"
    dependencies:
      pseudomap "^1.0.2"
      yallist "^2.1.2"
  
  macos-release@^1.0.0:
    version "1.1.0"
    resolved "https://registry.yarnpkg.com/macos-release/-/macos-release-1.1.0.tgz#831945e29365b470aa8724b0ab36c8f8959d10fb"
  
  mini-store@^1.0.2, mini-store@^1.1.0:
    version "1.1.0"
    resolved "https://registry.yarnpkg.com/mini-store/-/mini-store-1.1.0.tgz#4d6b3fb5c89aa0303d9b39475efb3439cd42f04f"
    dependencies:
      hoist-non-react-statics "^2.3.1"
      prop-types "^15.6.0"
      shallowequal "^1.0.2"
  
  minimatch@^3.0.0, minimatch@^3.0.4:
    version "3.0.4"
    resolved "https://registry.yarnpkg.com/minimatch/-/minimatch-3.0.4.tgz#5166e286457f03306064be5497e8dbb0c3d32083"
    dependencies:
      brace-expansion "^1.1.7"
  
  minimist@0.0.8:
    version "0.0.8"
    resolved "https://registry.yarnpkg.com/minimist/-/minimist-0.0.8.tgz#857fcabfc3397d2625b8228262e86aa7a011b05d"
  
  minimist@^1.2.0:
    version "1.2.0"
    resolved "https://registry.yarnpkg.com/minimist/-/minimist-1.2.0.tgz#a35008b20f41383eec1fb914f4cd5df79a264284"
  
  "mkdirp@>=0.5 0":
    version "0.5.1"
    resolved "https://registry.yarnpkg.com/mkdirp/-/mkdirp-0.5.1.tgz#30057438eac6cf7f8c4767f38648d6697d75c903"
    dependencies:
      minimist "0.0.8"
  
  moment@2.x, moment@^2.19.3:
    version "2.22.1"
    resolved "https://registry.yarnpkg.com/moment/-/moment-2.22.1.tgz#529a2e9bf973f259c9643d237fda84de3a26e8ad"
  
  ms@2.0.0:
    version "2.0.0"
    resolved "https://registry.yarnpkg.com/ms/-/ms-2.0.0.tgz#5608aeadfc00be6c2901df5f9861788de0d597c8"
  
  node-fetch@^1.0.1:
    version "1.7.3"
    resolved "https://registry.yarnpkg.com/node-fetch/-/node-fetch-1.7.3.tgz#980f6f72d85211a5347c6b2bc18c5b84c3eb47ef"
    dependencies:
      encoding "^0.1.11"
      is-stream "^1.0.1"
  
  object-assign@4.x, object-assign@^4.1.0, object-assign@^4.1.1:
    version "4.1.1"
    resolved "https://registry.yarnpkg.com/object-assign/-/object-assign-4.1.1.tgz#2109adc7965887cfc05cbbd442cac8bfbb360863"
  
  omit.js@^1.0.0:
    version "1.0.0"
    resolved "https://registry.yarnpkg.com/omit.js/-/omit.js-1.0.0.tgz#e013cb86a7517b9cf6f7cfb0ddb4297256a99288"
    dependencies:
      babel-runtime "^6.23.0"
  
  once@^1.3.0, once@^1.3.3:
    version "1.4.0"
    resolved "https://registry.yarnpkg.com/once/-/once-1.4.0.tgz#583b1aa775961d4b113ac17d9c50baef9dd76bd1"
    dependencies:
      wrappy "1"
  
  os-name@^2.0.1:
    version "2.0.1"
    resolved "https://registry.yarnpkg.com/os-name/-/os-name-2.0.1.tgz#b9a386361c17ae3a21736ef0599405c9a8c5dc5e"
    dependencies:
      macos-release "^1.0.0"
      win-release "^1.0.0"
  
  os-tmpdir@~1.0.1:
    version "1.0.2"
    resolved "https://registry.yarnpkg.com/os-tmpdir/-/os-tmpdir-1.0.2.tgz#bbe67406c79aa85c5cfec766fe5734555dfa1274"
  
  path-is-absolute@^1.0.0:
    version "1.0.1"
    resolved "https://registry.yarnpkg.com/path-is-absolute/-/path-is-absolute-1.0.1.tgz#174b9268735534ffbc7ace6bf53a5a9e1b5c5f5f"
  
  process-nextick-args@~2.0.0:
    version "2.0.0"
    resolved "https://registry.yarnpkg.com/process-nextick-args/-/process-nextick-args-2.0.0.tgz#a37d732f4271b4ab1ad070d35508e8290788ffaa"
  
  promise@^7.1.1:
    version "7.3.1"
    resolved "https://registry.yarnpkg.com/promise/-/promise-7.3.1.tgz#064b72602b18f90f29192b8b1bc418ffd1ebd3bf"
    dependencies:
      asap "~2.0.3"
  
  prop-types@15.x, prop-types@^15.5.10, prop-types@^15.5.4, prop-types@^15.5.6, prop-types@^15.5.7, prop-types@^15.5.8, prop-types@^15.5.9, prop-types@^15.6.0:
    version "15.6.1"
    resolved "https://registry.yarnpkg.com/prop-types/-/prop-types-15.6.1.tgz#36644453564255ddda391191fb3a125cbdf654ca"
    dependencies:
      fbjs "^0.8.16"
      loose-envify "^1.3.1"
      object-assign "^4.1.1"
  
  pseudomap@^1.0.2:
    version "1.0.2"
    resolved "https://registry.yarnpkg.com/pseudomap/-/pseudomap-1.0.2.tgz#f052a28da70e618917ef0a8ac34c1ae5a68286b3"
  
  rc-align@2.x:
    version "2.3.6"
    resolved "https://registry.yarnpkg.com/rc-align/-/rc-align-2.3.6.tgz#35046d2ac25771b1e5cbd600eae8f862c450f9e6"
    dependencies:
      babel-runtime "^6.26.0"
      dom-align "1.x"
      prop-types "^15.5.8"
      rc-util "^4.0.4"
      shallowequal "^1.0.2"
  
  rc-animate@2.x, rc-animate@^2.0.2, rc-animate@^2.3.0, rc-animate@^2.4.1:
    version "2.4.4"
    resolved "https://registry.yarnpkg.com/rc-animate/-/rc-animate-2.4.4.tgz#a05a784c747beef140d99ff52b6117711bef4b1e"
    dependencies:
      babel-runtime "6.x"
      css-animation "^1.3.2"
      prop-types "15.x"
  
  rc-calendar@~9.6.0:
    version "9.6.0"
    resolved "https://registry.yarnpkg.com/rc-calendar/-/rc-calendar-9.6.0.tgz#666fbbbd4b5558e933e655a8033807bc6742b4b0"
    dependencies:
      babel-runtime "6.x"
      classnames "2.x"
      create-react-class "^15.5.2"
      moment "2.x"
      prop-types "^15.5.8"
      rc-trigger "^2.2.0"
      rc-util "^4.1.1"
  
  rc-cascader@~0.13.0:
    version "0.13.1"
    resolved "https://registry.yarnpkg.com/rc-cascader/-/rc-cascader-0.13.1.tgz#157df251c5da734bf134b7a595a9b06446a6db80"
    dependencies:
      array-tree-filter "^1.0.0"
      prop-types "^15.5.8"
      rc-trigger "^2.2.0"
      rc-util "^4.0.4"
      shallow-equal "^1.0.0"
  
  rc-checkbox@~2.1.5:
    version "2.1.5"
    resolved "https://registry.yarnpkg.com/rc-checkbox/-/rc-checkbox-2.1.5.tgz#411858448c0ee2a797ef8544dac63bcaeef722ef"
    dependencies:
      babel-runtime "^6.23.0"
      classnames "2.x"
      prop-types "15.x"
      rc-util "^4.0.4"
  
  rc-collapse@~1.9.0:
    version "1.9.1"
    resolved "https://registry.yarnpkg.com/rc-collapse/-/rc-collapse-1.9.1.tgz#b0778d067e5e958594cef2d3a9fa5f45a1ae2c3e"
    dependencies:
      classnames "2.x"
      css-animation "1.x"
      prop-types "^15.5.6"
      rc-animate "2.x"
  
  rc-dialog@~7.1.0:
    version "7.1.4"
    resolved "https://registry.yarnpkg.com/rc-dialog/-/rc-dialog-7.1.4.tgz#240c67461d875e49f5d3dd1677351963bcce790a"
    dependencies:
      babel-runtime "6.x"
      rc-animate "2.x"
      rc-util "^4.4.0"
  
  rc-dropdown@~2.1.0:
    version "2.1.2"
    resolved "https://registry.yarnpkg.com/rc-dropdown/-/rc-dropdown-2.1.2.tgz#f99844d2ec17707232f244dda75c8d8a623d0272"
    dependencies:
      babel-runtime "^6.26.0"
      prop-types "^15.5.8"
      rc-trigger "^2.2.2"
      react-lifecycles-compat "^3.0.2"
  
  rc-editor-core@~0.8.3:
    version "0.8.6"
    resolved "https://registry.yarnpkg.com/rc-editor-core/-/rc-editor-core-0.8.6.tgz#e48b288286effb3272cbc9c6f801450dcdb0b247"
    dependencies:
      babel-runtime "^6.26.0"
      classnames "^2.2.5"
      draft-js "^0.10.0"
      immutable "^3.7.4"
      lodash "^4.16.5"
      prop-types "^15.5.8"
      setimmediate "^1.0.5"
  
  rc-editor-mention@^1.0.2:
    version "1.1.6"
    resolved "https://registry.yarnpkg.com/rc-editor-mention/-/rc-editor-mention-1.1.6.tgz#acbb92661e2392f971f8d8ad1c235b084796c895"
    dependencies:
      babel-runtime "^6.23.0"
      classnames "^2.2.5"
      dom-scroll-into-view "^1.2.0"
      draft-js "~0.10.0"
      prop-types "^15.5.8"
      rc-animate "^2.3.0"
      rc-editor-core "~0.8.3"
  
  rc-form@^2.1.0:
    version "2.2.0"
    resolved "https://registry.yarnpkg.com/rc-form/-/rc-form-2.2.0.tgz#ea596c6c92c7df6092f95cbbf8f15014ea07e9f5"
    dependencies:
      async-validator "1.x"
      babel-runtime "6.x"
      create-react-class "^15.5.3"
      dom-scroll-into-view "1.x"
      hoist-non-react-statics "^2.3.1"
      lodash "^4.17.4"
      warning "^3.0.0"
  
  rc-hammerjs@~0.6.0:
    version "0.6.9"
    resolved "https://registry.yarnpkg.com/rc-hammerjs/-/rc-hammerjs-0.6.9.tgz#9a4ddbda1b2ec8f9b9596091a6a989842a243907"
    dependencies:
      babel-runtime "6.x"
      hammerjs "^2.0.8"
      prop-types "^15.5.9"
  
  rc-input-number@~4.0.0:
    version "4.0.7"
    resolved "https://registry.yarnpkg.com/rc-input-number/-/rc-input-number-4.0.7.tgz#3d231518decf443dcc6152e4370a46f2b705f901"
    dependencies:
      babel-runtime "6.x"
      classnames "^2.2.0"
      is-negative-zero "^2.0.0"
      prop-types "^15.5.7"
      rmc-feedback "^2.0.0"
  
  rc-menu@^7.0.2, rc-menu@~7.0.2:
    version "7.0.3"
    resolved "https://registry.yarnpkg.com/rc-menu/-/rc-menu-7.0.3.tgz#8761aaeef5297e84e573f1920783f8ed1f3cb7dc"
    dependencies:
      babel-runtime "6.x"
      classnames "2.x"
      dom-scroll-into-view "1.x"
      mini-store "^1.1.0"
      prop-types "^15.5.6"
      rc-animate "2.x"
      rc-trigger "^2.3.0"
      rc-util "^4.1.0"
  
  rc-notification@~3.1.1:
    version "3.1.1"
    resolved "https://registry.yarnpkg.com/rc-notification/-/rc-notification-3.1.1.tgz#14eac6730db1d59adaf569dad9fe82a2f33cd23a"
    dependencies:
      babel-runtime "6.x"
      classnames "2.x"
      prop-types "^15.5.8"
      rc-animate "2.x"
      rc-util "^4.0.4"
  
  rc-pagination@~1.16.1:
    version "1.16.3"
    resolved "https://registry.yarnpkg.com/rc-pagination/-/rc-pagination-1.16.3.tgz#2d3780a129c290c2e2e85a71b6723a8301484c2e"
    dependencies:
      babel-runtime "6.x"
      prop-types "^15.5.7"
  
  rc-progress@~2.2.2:
    version "2.2.5"
    resolved "https://registry.yarnpkg.com/rc-progress/-/rc-progress-2.2.5.tgz#e61d0544bf9d4208e5ba32fc50962159e7f952a3"
    dependencies:
      babel-runtime "6.x"
      prop-types "^15.5.8"
  
  rc-rate@~2.4.0:
    version "2.4.0"
    resolved "https://registry.yarnpkg.com/rc-rate/-/rc-rate-2.4.0.tgz#97ebcc5876e2e498b9f5f65ced256d8ab54e5f06"
    dependencies:
      babel-runtime "^6.26.0"
      classnames "^2.2.5"
      prop-types "^15.5.8"
      rc-util "^4.3.0"
  
  rc-select@~8.0.7:
    version "8.0.8"
    resolved "https://registry.yarnpkg.com/rc-select/-/rc-select-8.0.8.tgz#4d73537095eaeccfc828d94833528df4ed0c2199"
    dependencies:
      babel-runtime "^6.23.0"
      classnames "2.x"
      component-classes "1.x"
      dom-scroll-into-view "1.x"
      prop-types "^15.5.8"
      rc-animate "2.x"
      rc-menu "^7.0.2"
      rc-trigger "^2.2.0"
      rc-util "^4.0.4"
      react-lifecycles-compat "^3.0.2"
      warning "^3.0.0"
  
  rc-slider@~8.6.0:
    version "8.6.1"
    resolved "https://registry.yarnpkg.com/rc-slider/-/rc-slider-8.6.1.tgz#ee5e0380dbdf4b5de6955a265b0d4ff6196405d1"
    dependencies:
      babel-runtime "6.x"
      classnames "^2.2.5"
      prop-types "^15.5.4"
      rc-tooltip "^3.7.0"
      rc-util "^4.0.4"
      shallowequal "^1.0.1"
      warning "^3.0.0"
  
  rc-steps@~3.1.0:
    version "3.1.1"
    resolved "https://registry.yarnpkg.com/rc-steps/-/rc-steps-3.1.1.tgz#79583ad808309d82b8e011676321d153fd7ca403"
    dependencies:
      babel-runtime "^6.23.0"
      classnames "^2.2.3"
      lodash "^4.17.5"
      prop-types "^15.5.7"
  
  rc-switch@~1.6.0:
    version "1.6.0"
    resolved "https://registry.yarnpkg.com/rc-switch/-/rc-switch-1.6.0.tgz#c2d7369bdb87c1fd45e84989a27c1fb2f201d2fd"
    dependencies:
      babel-runtime "^6.23.0"
      classnames "^2.2.1"
      prop-types "^15.5.6"
  
  rc-table@~6.1.0:
    version "6.1.12"
    resolved "https://registry.yarnpkg.com/rc-table/-/rc-table-6.1.12.tgz#484c73f263d2169e5664ee6e99094af2a7493539"
    dependencies:
      babel-runtime "6.x"
      component-classes "^1.2.6"
      lodash "^4.17.5"
      mini-store "^1.0.2"
      prop-types "^15.5.8"
      rc-util "^4.0.4"
      react-lifecycles-compat "^3.0.2"
      shallowequal "^1.0.2"
      warning "^3.0.0"
  
  rc-tabs@~9.2.0:
    version "9.2.5"
    resolved "https://registry.yarnpkg.com/rc-tabs/-/rc-tabs-9.2.5.tgz#fdd8e0633247f50c533030b73e3992270849f1f6"
    dependencies:
      babel-runtime "6.x"
      classnames "2.x"
      create-react-class "15.x"
      lodash "^4.17.5"
      prop-types "15.x"
      rc-hammerjs "~0.6.0"
      rc-util "^4.0.4"
      warning "^3.0.0"
  
  rc-time-picker@~3.3.0:
    version "3.3.1"
    resolved "https://registry.yarnpkg.com/rc-time-picker/-/rc-time-picker-3.3.1.tgz#94f8bbd51e6b93de1f01e78064aef1e6d765b367"
    dependencies:
      babel-runtime "6.x"
      classnames "2.x"
      moment "2.x"
      prop-types "^15.5.8"
      rc-trigger "^2.2.0"
  
  rc-tooltip@^3.7.0, rc-tooltip@~3.7.0:
    version "3.7.2"
    resolved "https://registry.yarnpkg.com/rc-tooltip/-/rc-tooltip-3.7.2.tgz#3698656d4bacd51b72d9e327bed15d1d5a9f1b27"
    dependencies:
      babel-runtime "6.x"
      prop-types "^15.5.8"
      rc-trigger "^2.2.2"
  
  rc-tree-select@~1.12.0:
    version "1.12.12"
    resolved "https://registry.yarnpkg.com/rc-tree-select/-/rc-tree-select-1.12.12.tgz#d56fb8a833f11c0944891ba9172523b2908491dc"
    dependencies:
      babel-runtime "^6.23.0"
      classnames "^2.2.1"
      prop-types "^15.5.8"
      rc-animate "^2.0.2"
      rc-tree "~1.7.1"
      rc-trigger "^2.2.2"
      rc-util "^4.5.0"
  
  rc-tree@~1.7.1:
    version "1.7.11"
    resolved "https://registry.yarnpkg.com/rc-tree/-/rc-tree-1.7.11.tgz#349de6383fc7d22bf4c13b0751794111022adddf"
    dependencies:
      babel-runtime "^6.23.0"
      classnames "2.x"
      prop-types "^15.5.8"
      rc-animate "2.x"
      rc-util "^4.0.4"
      warning "^3.0.0"
  
  rc-tree@~1.8.0:
    version "1.8.3"
    resolved "https://registry.yarnpkg.com/rc-tree/-/rc-tree-1.8.3.tgz#2875e83bc951b5ed7577c1038490f8245d79a37f"
    dependencies:
      babel-runtime "^6.23.0"
      classnames "2.x"
      prop-types "^15.5.8"
      rc-animate "2.x"
      rc-util "^4.0.4"
      warning "^3.0.0"
  
  rc-trigger@^2.2.0, rc-trigger@^2.2.2, rc-trigger@^2.3.0:
    version "2.4.0"
    resolved "https://registry.yarnpkg.com/rc-trigger/-/rc-trigger-2.4.0.tgz#f3fb2b7d82bd95e84d876f6a20eb43af10f82c71"
    dependencies:
      babel-runtime "6.x"
      prop-types "15.x"
      rc-align "2.x"
      rc-animate "2.x"
      rc-util "^4.4.0"
  
  rc-upload@~2.4.0:
    version "2.4.4"
    resolved "https://registry.yarnpkg.com/rc-upload/-/rc-upload-2.4.4.tgz#28e1e6a3e44d1b1f92e57e21927cfa2763ac2a21"
    dependencies:
      babel-runtime "6.x"
      classnames "^2.2.5"
      prop-types "^15.5.7"
      warning "2.x"
  
  rc-util@^4.0.4, rc-util@^4.1.0, rc-util@^4.1.1, rc-util@^4.3.0, rc-util@^4.4.0, rc-util@^4.5.0:
    version "4.5.0"
    resolved "https://registry.yarnpkg.com/rc-util/-/rc-util-4.5.0.tgz#3183e6ec806f382efb2d3e85770d95875fa6180f"
    dependencies:
      add-dom-event-listener "1.x"
      babel-runtime "6.x"
      prop-types "^15.5.10"
      shallowequal "^0.2.2"
  
  react-google-login@^3.2.1:
    version "3.2.1"
    resolved "https://registry.yarnpkg.com/react-google-login/-/react-google-login-3.2.1.tgz#9ab6ac3694d0e6e2974f1e588c53cf7b903a36e6"
    dependencies:
      "@types/react" "*"
      prop-types "^15.6.0"
  
  react-lazy-load@^3.0.12:
    version "3.0.13"
    resolved "https://registry.yarnpkg.com/react-lazy-load/-/react-lazy-load-3.0.13.tgz#3b0a92d336d43d3f0d73cbe6f35b17050b08b824"
    dependencies:
      eventlistener "0.0.1"
      lodash.debounce "^4.0.0"
      lodash.throttle "^4.0.0"
      prop-types "^15.5.8"
  
  react-lifecycles-compat@^3.0.2:
    version "3.0.3"
    resolved "https://registry.yarnpkg.com/react-lifecycles-compat/-/react-lifecycles-compat-3.0.3.tgz#473820154732f1ccd762e89324abab154255da6b"
  
  react-slick@~0.23.1:
    version "0.23.1"
    resolved "https://registry.yarnpkg.com/react-slick/-/react-slick-0.23.1.tgz#15791c4107f0ba3a5688d5bd97b7b7ceaa0dd181"
    dependencies:
      classnames "^2.2.5"
      enquire.js "^2.1.6"
      json2mq "^0.2.0"
      lodash.debounce "^4.0.8"
      resize-observer-polyfill "^1.5.0"
  
  "readable-stream@>=1.0.33-1 <1.1.0-0":
    version "1.0.34"
    resolved "https://registry.yarnpkg.com/readable-stream/-/readable-stream-1.0.34.tgz#125820e34bc842d2f2aaafafe4c2916ee32c157c"
    dependencies:
      core-util-is "~1.0.0"
      inherits "~2.0.1"
      isarray "0.0.1"
      string_decoder "~0.10.x"
  
  readable-stream@^2.1.4:
    version "2.3.6"
    resolved "https://registry.yarnpkg.com/readable-stream/-/readable-stream-2.3.6.tgz#b11c27d88b8ff1fbe070643cf94b0c79ae1b0aaf"
    dependencies:
      core-util-is "~1.0.0"
      inherits "~2.0.3"
      isarray "~1.0.0"
      process-nextick-args "~2.0.0"
      safe-buffer "~5.1.1"
      string_decoder "~1.1.1"
      util-deprecate "~1.0.1"
  
  readable-stream@~1.1.9:
    version "1.1.14"
    resolved "https://registry.yarnpkg.com/readable-stream/-/readable-stream-1.1.14.tgz#7cf4c54ef648e3813084c636dd2079e166c081d9"
    dependencies:
      core-util-is "~1.0.0"
      inherits "~2.0.1"
      isarray "0.0.1"
      string_decoder "~0.10.x"
  
  regenerator-runtime@^0.11.0:
    version "0.11.1"
    resolved "https://registry.yarnpkg.com/regenerator-runtime/-/regenerator-runtime-0.11.1.tgz#be05ad7f9bf7d22e056f9726cee5017fbf19e2e9"
  
  resize-observer-polyfill@^1.5.0:
    version "1.5.0"
    resolved "https://registry.yarnpkg.com/resize-observer-polyfill/-/resize-observer-polyfill-1.5.0.tgz#660ff1d9712a2382baa2cad450a4716209f9ca69"
  
  rimraf@2, rimraf@^2.5.1:
    version "2.6.2"
    resolved "https://registry.yarnpkg.com/rimraf/-/rimraf-2.6.2.tgz#2ed8150d24a16ea8651e6d6ef0f47c4158ce7a36"
    dependencies:
      glob "^7.0.5"
  
  rmc-feedback@^2.0.0:
    version "2.0.0"
    resolved "https://registry.yarnpkg.com/rmc-feedback/-/rmc-feedback-2.0.0.tgz#cbc6cb3ae63c7a635eef0e25e4fbaf5ac366eeaa"
    dependencies:
      babel-runtime "6.x"
      classnames "^2.2.5"
  
  safe-buffer@~5.1.0, safe-buffer@~5.1.1:
    version "5.1.2"
    resolved "https://registry.yarnpkg.com/safe-buffer/-/safe-buffer-5.1.2.tgz#991ec69d296e0313747d59bdfd2b745c35f8828d"
  
  "safer-buffer@>= 2.1.2 < 3":
    version "2.1.2"
    resolved "https://registry.yarnpkg.com/safer-buffer/-/safer-buffer-2.1.2.tgz#44fa161b0187b9549dd84bb91802f9bd8385cd6a"
  
  semver@^5.0.1, semver@^5.0.3:
    version "5.5.0"
    resolved "https://registry.yarnpkg.com/semver/-/semver-5.5.0.tgz#dc4bbc7a6ca9d916dee5d43516f0092b58f7b8ab"
  
  setimmediate@^1.0.5:
    version "1.0.5"
    resolved "https://registry.yarnpkg.com/setimmediate/-/setimmediate-1.0.5.tgz#290cbb232e306942d7d7ea9b83732ab7856f8285"
  
  shallow-equal@^1.0.0:
    version "1.0.0"
    resolved "https://registry.yarnpkg.com/shallow-equal/-/shallow-equal-1.0.0.tgz#508d1838b3de590ab8757b011b25e430900945f7"
  
  shallowequal@^0.2.2:
    version "0.2.2"
    resolved "https://registry.yarnpkg.com/shallowequal/-/shallowequal-0.2.2.tgz#1e32fd5bcab6ad688a4812cb0cc04efc75c7014e"
    dependencies:
      lodash.keys "^3.1.2"
  
  shallowequal@^1.0.1, shallowequal@^1.0.2:
    version "1.0.2"
    resolved "https://registry.yarnpkg.com/shallowequal/-/shallowequal-1.0.2.tgz#1561dbdefb8c01408100319085764da3fcf83f8f"
  
  string-convert@^0.2.0:
    version "0.2.1"
    resolved "https://registry.yarnpkg.com/string-convert/-/string-convert-0.2.1.tgz#6982cc3049fbb4cd85f8b24568b9d9bf39eeff97"
  
  string_decoder@~0.10.x:
    version "0.10.31"
    resolved "https://registry.yarnpkg.com/string_decoder/-/string_decoder-0.10.31.tgz#62e203bc41766c6c28c9fc84301dab1c5310fa94"
  
  string_decoder@~1.1.1:
    version "1.1.1"
    resolved "https://registry.yarnpkg.com/string_decoder/-/string_decoder-1.1.1.tgz#9cf1611ba62685d7030ae9e4ba34149c3af03fc8"
    dependencies:
      safe-buffer "~5.1.0"
  
  strip-ansi@^3.0.0:
    version "3.0.1"
    resolved "https://registry.yarnpkg.com/strip-ansi/-/strip-ansi-3.0.1.tgz#6a385fb8853d952d5ff05d0e8aaf94278dc63dcf"
    dependencies:
      ansi-regex "^2.0.0"
  
  supports-color@^2.0.0:
    version "2.0.0"
    resolved "https://registry.yarnpkg.com/supports-color/-/supports-color-2.0.0.tgz#535d045ce6b6363fa40117084629995e9df324c7"
  
  tar-pack@^3.4.0:
    version "3.4.1"
    resolved "https://registry.yarnpkg.com/tar-pack/-/tar-pack-3.4.1.tgz#e1dbc03a9b9d3ba07e896ad027317eb679a10a1f"
    dependencies:
      debug "^2.2.0"
      fstream "^1.0.10"
      fstream-ignore "^1.0.5"
      once "^1.3.3"
      readable-stream "^2.1.4"
      rimraf "^2.5.1"
      tar "^2.2.1"
      uid-number "^0.0.6"
  
  tar@^2.2.1:
    version "2.2.1"
    resolved "https://registry.yarnpkg.com/tar/-/tar-2.2.1.tgz#8e4d2a256c0e2185c6b18ad694aec968b83cb1d1"
    dependencies:
      block-stream "*"
      fstream "^1.0.2"
      inherits "2"
  
  through2@~0.6.3:
    version "0.6.5"
    resolved "https://registry.yarnpkg.com/through2/-/through2-0.6.5.tgz#41ab9c67b29d57209071410e1d7a7a968cd3ad48"
    dependencies:
      readable-stream ">=1.0.33-1 <1.1.0-0"
      xtend ">=4.0.0 <4.1.0-0"
  
  tmp@0.0.31:
    version "0.0.31"
    resolved "https://registry.yarnpkg.com/tmp/-/tmp-0.0.31.tgz#8f38ab9438e17315e5dbd8b3657e8bfb277ae4a7"
    dependencies:
      os-tmpdir "~1.0.1"
  
  ua-parser-js@^0.7.9:
    version "0.7.18"
    resolved "https://registry.yarnpkg.com/ua-parser-js/-/ua-parser-js-0.7.18.tgz#a7bfd92f56edfb117083b69e31d2aa8882d4b1ed"
  
  uid-number@^0.0.6:
    version "0.0.6"
    resolved "https://registry.yarnpkg.com/uid-number/-/uid-number-0.0.6.tgz#0ea10e8035e8eb5b8e4449f06da1c730663baa81"
  
  util-deprecate@~1.0.1:
    version "1.0.2"
    resolved "https://registry.yarnpkg.com/util-deprecate/-/util-deprecate-1.0.2.tgz#450d4dc9fa70de732762fbd2d4a28981419a0ccf"
  
  validate-npm-package-name@^3.0.0:
    version "3.0.0"
    resolved "https://registry.yarnpkg.com/validate-npm-package-name/-/validate-npm-package-name-3.0.0.tgz#5fa912d81eb7d0c74afc140de7317f0ca7df437e"
    dependencies:
      builtins "^1.0.3"
  
  warning@2.x:
    version "2.1.0"
    resolved "https://registry.yarnpkg.com/warning/-/warning-2.1.0.tgz#21220d9c63afc77a8c92111e011af705ce0c6901"
    dependencies:
      loose-envify "^1.0.0"
  
  warning@^3.0.0, warning@~3.0.0:
    version "3.0.0"
    resolved "https://registry.yarnpkg.com/warning/-/warning-3.0.0.tgz#32e5377cb572de4ab04753bdf8821c01ed605b7c"
    dependencies:
      loose-envify "^1.0.0"
  
  whatwg-fetch@>=0.10.0:
    version "2.0.4"
    resolved "https://registry.yarnpkg.com/whatwg-fetch/-/whatwg-fetch-2.0.4.tgz#dde6a5df315f9d39991aa17621853d720b85566f"
  
  which@^1.2.14, which@^1.2.9:
    version "1.3.0"
    resolved "https://registry.yarnpkg.com/which/-/which-1.3.0.tgz#ff04bdfc010ee547d780bec38e1ac1c2777d253a"
    dependencies:
      isexe "^2.0.0"
  
  win-release@^1.0.0:
    version "1.1.1"
    resolved "https://registry.yarnpkg.com/win-release/-/win-release-1.1.1.tgz#5fa55e02be7ca934edfc12665632e849b72e5209"
    dependencies:
      semver "^5.0.1"
  
  wrappy@1:
    version "1.0.2"
    resolved "https://registry.yarnpkg.com/wrappy/-/wrappy-1.0.2.tgz#b5243d8f3ec1aa35f1364605bc0d1036e30ab69f"
  
  "xtend@>=4.0.0 <4.1.0-0":
    version "4.0.1"
    resolved "https://registry.yarnpkg.com/xtend/-/xtend-4.0.1.tgz#a5c6d532be656e23db820efb943a1f04998d63af"
  
  yallist@^2.1.2:
    version "2.1.2"
    resolved "https://registry.yarnpkg.com/yallist/-/yallist-2.1.2.tgz#1c11f9218f076089a47dd512f93c6699a6a81d52"

Trace: 
  Error: Command "start" not found.
      at new MessageError (/mnt/c/Program Files (x86)/Yarn/lib/cli.js:186:110)
      at /mnt/c/Program Files (x86)/Yarn/lib/cli.js:87307:17
      at Generator.next (<anonymous>)
      at step (/mnt/c/Program Files (x86)/Yarn/lib/cli.js:98:30)
      at /mnt/c/Program Files (x86)/Yarn/lib/cli.js:116:14
      at new Promise (<anonymous>)
      at new F (/mnt/c/Program Files (x86)/Yarn/lib/cli.js:23451:28)
      at /mnt/c/Program Files (x86)/Yarn/lib/cli.js:95:12
      at runCommand (/mnt/c/Program Files (x86)/Yarn/lib/cli.js:87312:22)
      at Object.<anonymous> (/mnt/c/Program Files (x86)/Yarn/lib/cli.js:87412:14)
